<?xml version="1.0" encoding="UTF-8"?>
<!-- Generated by org.testng.reporters.JUnitXMLReporter -->
<testsuite hostname="DESKTOP-CJ18TJS" ignored="0" name="testLogin" tests="1" failures="1" timestamp="12 Apr 2020 20:11:24 GMT" time="102.71" errors="0">
  <testcase name="testLogin" time="102.655" classname="com.appliedselenium.testscripts.CheckLoginTest">
    <failure type="java.lang.AssertionError" message="Login not successful expected [true] but found [false]">
      <![CDATA[java.lang.AssertionError: Login not successful expected [true] but found [false]
at com.appliedselenium.testscripts.CheckLoginTest.testLogin(CheckLoginTest.java:35)
... Removed 28 stack frames]]>
    </failure>
  </testcase> <!-- testLogin -->
</testsuite> <!-- testLogin -->
